<?xml version="1.0" encoding="UTF-8"?>
<robot generator="Robot 7.1 (Python 3.10.12 on linux)" generated="2024-09-28T22:31:25.422888" rpa="false" schemaversion="5">
<suite id="s1" name="Test01" source="/home/agakab/PycharmProjects/Robot/test01.robot">
<test id="s1-t1" name="Test pierwszy" line="2">
<kw name="Log To Console" owner="BuiltIn">
<arg>Witaj świecie</arg>
<doc>Logs the given message to the console.</doc>
<status status="PASS" start="2024-09-28T22:31:25.439351" elapsed="0.000588"/>
</kw>
<status status="PASS" start="2024-09-28T22:31:25.438158" elapsed="0.002121"/>
</test>
<status status="PASS" start="2024-09-28T22:31:25.423760" elapsed="0.017733"/>
</suite>
<statistics>
<total>
<stat pass="1" fail="0" skip="0">All Tests</stat>
</total>
<tag>
</tag>
<suite>
<stat pass="1" fail="0" skip="0" id="s1" name="Test01">Test01</stat>
</suite>
</statistics>
<errors>
</errors>
</robot>
