<?xml version="1.0" encoding="UTF-8"?>
<robot generator="Robot 7.1 (Python 3.10.12 on linux)" generated="2024-09-29T14:41:47.666186" rpa="false" schemaversion="5">
<suite id="s1" name="testAPI" source="/home/agakab/PycharmProjects/Robot/testAPI.robot">
<test id="s1-t1" name="Test create new game" line="10">
<kw name="POST" owner="RequestsLibrary">
<msg time="2024-09-29T14:41:47.857688" level="INFO">POST Request : url=http://127.0.0.1:5000/game 
 path_url=/game 
 headers={'User-Agent': 'python-requests/2.32.3', 'Accept-Encoding': 'gzip, deflate', 'Accept': '*/*', 'Connection': 'keep-alive', 'Content-Length': '0'} 
 body=None 
 </msg>
<msg time="2024-09-29T14:41:47.857873" level="INFO">POST Response : url=http://127.0.0.1:5000/game 
 status=201, reason=CREATED 
 headers={'Server': 'Werkzeug/3.0.4 Python/3.10.12', 'Date': 'Sun, 29 Sep 2024 12:41:47 GMT', 'Content-Type': 'application/json', 'Content-Length': '53', 'Access-Control-Allow-Origin': '*', 'Connection': 'close'} 
 body={
  "game_id": 48,
  "message": "New game created"
}
 
 </msg>
<msg time="2024-09-29T14:41:47.858119" level="INFO">${response} = &lt;Response [201]&gt;</msg>
<var>${response}</var>
<arg>${url}/game</arg>
<doc>Sends a POST request.</doc>
<status status="PASS" start="2024-09-29T14:41:47.843145" elapsed="0.015011"/>
</kw>
<kw name="Should Be Equal As Numbers" owner="BuiltIn">
<msg time="2024-09-29T14:41:47.859846" level="INFO">Argument types are:
&lt;class 'int'&gt;
&lt;class 'str'&gt;</msg>
<arg>${response.status_code}</arg>
<arg>201</arg>
<doc>Fails if objects are unequal after converting them to real numbers.</doc>
<status status="PASS" start="2024-09-29T14:41:47.858817" elapsed="0.001189"/>
</kw>
<kw name="Set Variable" owner="BuiltIn">
<msg time="2024-09-29T14:41:47.860997" level="INFO">${json_data} = {'game_id': 48, 'message': 'New game created'}</msg>
<var>${json_data}</var>
<arg>${response.json()}</arg>
<doc>Returns the given values which can then be assigned to a variables.</doc>
<status status="PASS" start="2024-09-29T14:41:47.860246" elapsed="0.000783"/>
</kw>
<kw name="Log To Console" owner="BuiltIn">
<arg>${json_data}</arg>
<doc>Logs the given message to the console.</doc>
<status status="PASS" start="2024-09-29T14:41:47.861316" elapsed="0.000334"/>
</kw>
<kw name="Log" owner="BuiltIn">
<msg time="2024-09-29T14:41:47.863152" level="INFO">New game created</msg>
<arg>${json_data["message"]}</arg>
<doc>Logs the given message with the given level.</doc>
<status status="PASS" start="2024-09-29T14:41:47.861844" elapsed="0.001363"/>
</kw>
<kw name="Log To Console" owner="BuiltIn">
<arg>${json_data["message"]}</arg>
<doc>Logs the given message to the console.</doc>
<status status="PASS" start="2024-09-29T14:41:47.863357" elapsed="0.000435"/>
</kw>
<kw name="Should Be Equal" owner="BuiltIn">
<arg>${json_data["message"]}</arg>
<arg>New game created</arg>
<doc>Fails if the given objects are unequal.</doc>
<status status="PASS" start="2024-09-29T14:41:47.863923" elapsed="0.000436"/>
</kw>
<kw name="Set Suite Variable" owner="BuiltIn">
<msg time="2024-09-29T14:41:47.867515" level="INFO">${game_id} = 48</msg>
<arg>${game_id}</arg>
<arg>${json_data["game_id"]}</arg>
<doc>Makes a variable available everywhere within the scope of the current suite.</doc>
<status status="PASS" start="2024-09-29T14:41:47.864507" elapsed="0.003110"/>
</kw>
<kw name="Log" owner="BuiltIn">
<msg time="2024-09-29T14:41:47.868249" level="INFO">48</msg>
<arg>${game_id}</arg>
<doc>Logs the given message with the given level.</doc>
<status status="PASS" start="2024-09-29T14:41:47.868040" elapsed="0.000252"/>
</kw>
<kw name="Log To Console" owner="BuiltIn">
<arg>${game_id}</arg>
<doc>Logs the given message to the console.</doc>
<status status="PASS" start="2024-09-29T14:41:47.869103" elapsed="0.000193"/>
</kw>
<doc>Test tworzenia nowej gry</doc>
<status status="PASS" start="2024-09-29T14:41:47.840441" elapsed="0.028985"/>
</test>
<test id="s1-t2" name="Get Game Status" line="26">
<kw name="GET" owner="RequestsLibrary">
<msg time="2024-09-29T14:41:47.877694" level="INFO">GET Request : url=http://127.0.0.1:5000/game/48 
 path_url=/game/48 
 headers={'User-Agent': 'python-requests/2.32.3', 'Accept-Encoding': 'gzip, deflate', 'Accept': '*/*', 'Connection': 'keep-alive'} 
 body=None 
 </msg>
<msg time="2024-09-29T14:41:47.877790" level="INFO">GET Response : url=http://127.0.0.1:5000/game/48 
 status=200, reason=OK 
 headers={'Server': 'Werkzeug/3.0.4 Python/3.10.12', 'Date': 'Sun, 29 Sep 2024 12:41:47 GMT', 'Content-Type': 'application/json', 'Content-Length': '35', 'Access-Control-Allow-Origin': '*', 'Connection': 'close'} 
 body={
  "game_id": 48,
  "moves": ""
}
 
 </msg>
<msg time="2024-09-29T14:41:47.877920" level="INFO">${response} = &lt;Response [200]&gt;</msg>
<var>${response}</var>
<arg>${url}/game/${game_id}</arg>
<doc>Sends a GET request.</doc>
<status status="PASS" start="2024-09-29T14:41:47.870511" elapsed="0.007435"/>
</kw>
<kw name="Should Be Equal As Numbers" owner="BuiltIn">
<msg time="2024-09-29T14:41:47.879363" level="INFO">Argument types are:
&lt;class 'int'&gt;
&lt;class 'str'&gt;</msg>
<arg>${response.status_code}</arg>
<arg>200</arg>
<doc>Fails if objects are unequal after converting them to real numbers.</doc>
<status status="PASS" start="2024-09-29T14:41:47.878758" elapsed="0.000737"/>
</kw>
<kw name="Set Variable" owner="BuiltIn">
<msg time="2024-09-29T14:41:47.880347" level="INFO">${json_data} = {'game_id': 48, 'moves': ''}</msg>
<var>${json_data}</var>
<arg>${response.json()}</arg>
<doc>Returns the given values which can then be assigned to a variables.</doc>
<status status="PASS" start="2024-09-29T14:41:47.879883" elapsed="0.000484"/>
</kw>
<kw name="Log To Console" owner="BuiltIn">
<arg>${json_data}</arg>
<doc>Logs the given message to the console.</doc>
<status status="PASS" start="2024-09-29T14:41:47.880646" elapsed="0.000320"/>
</kw>
<kw name="Log" owner="BuiltIn">
<msg time="2024-09-29T14:41:47.881274" level="INFO">{'game_id': 48, 'moves': ''}</msg>
<arg>${json_data}</arg>
<doc>Logs the given message with the given level.</doc>
<status status="PASS" start="2024-09-29T14:41:47.881154" elapsed="0.000152"/>
</kw>
<kw name="Should Be Empty" owner="BuiltIn">
<msg time="2024-09-29T14:41:47.881813" level="INFO">Length is 0.</msg>
<arg>${json_data["moves"]}</arg>
<doc>Verifies that the given item is empty.</doc>
<status status="PASS" start="2024-09-29T14:41:47.881466" elapsed="0.000380"/>
</kw>
<doc>Test pobierania stanu gry</doc>
<status status="PASS" start="2024-09-29T14:41:47.869790" elapsed="0.014456"/>
</test>
<test id="s1-t3" name="Make First Move" line="35">
<kw name="Create Dictionary" owner="BuiltIn">
<msg time="2024-09-29T14:41:47.885549" level="INFO">${body} = {'cellIndex': '3'}</msg>
<var>${body}</var>
<arg>cellIndex=3</arg>
<doc>Creates and returns a dictionary based on the given ``items``.</doc>
<status status="PASS" start="2024-09-29T14:41:47.884860" elapsed="0.000724"/>
</kw>
<kw name="POST" owner="RequestsLibrary">
<msg time="2024-09-29T14:41:47.937111" level="INFO">POST Request : url=http://127.0.0.1:5000/game/48/move 
 path_url=/game/48/move 
 headers={'User-Agent': 'python-requests/2.32.3', 'Accept-Encoding': 'gzip, deflate', 'Accept': '*/*', 'Connection': 'keep-alive', 'Content-Length': '18', 'Content-Type': 'application/json'} 
 body=b'{"cellIndex": "3"}' 
 </msg>
<msg time="2024-09-29T14:41:47.937248" level="INFO">POST Response : url=http://127.0.0.1:5000/game/48/move 
 status=200, reason=OK 
 headers={'Server': 'Werkzeug/3.0.4 Python/3.10.12', 'Date': 'Sun, 29 Sep 2024 12:41:47 GMT', 'Content-Type': 'application/json', 'Content-Length': '63', 'Access-Control-Allow-Origin': '*', 'Connection': 'close'} 
 body={
  "game_id": 48,
  "message": "Move made",
  "moves": "3X"
}
 
 </msg>
<msg time="2024-09-29T14:41:47.937441" level="INFO">${response} = &lt;Response [200]&gt;</msg>
<var>${response}</var>
<arg>${url}/game/${game_id}/move</arg>
<arg>json=${body}</arg>
<doc>Sends a POST request.</doc>
<status status="PASS" start="2024-09-29T14:41:47.886685" elapsed="0.050787"/>
</kw>
<kw name="Should Be Equal As Integers" owner="BuiltIn">
<msg time="2024-09-29T14:41:47.939404" level="INFO">Argument types are:
&lt;class 'int'&gt;
&lt;class 'str'&gt;</msg>
<arg>${response.status_code}</arg>
<arg>200</arg>
<doc>Fails if objects are unequal after converting them to integers.</doc>
<status status="PASS" start="2024-09-29T14:41:47.937793" elapsed="0.001794"/>
</kw>
<kw name="Set Variable" owner="BuiltIn">
<msg time="2024-09-29T14:41:47.941579" level="INFO">${json_data} = {'game_id': 48, 'message': 'Move made', 'moves': '3X'}</msg>
<var>${json_data}</var>
<arg>${response.json()}</arg>
<doc>Returns the given values which can then be assigned to a variables.</doc>
<status status="PASS" start="2024-09-29T14:41:47.939868" elapsed="0.001755"/>
</kw>
<kw name="Log To Console" owner="BuiltIn">
<arg>${json_data}</arg>
<doc>Logs the given message to the console.</doc>
<status status="PASS" start="2024-09-29T14:41:47.942572" elapsed="0.002845"/>
</kw>
<kw name="Log" owner="BuiltIn">
<msg time="2024-09-29T14:41:47.946002" level="INFO">{'game_id': 48, 'message': 'Move made', 'moves': '3X'}</msg>
<arg>${json_data}</arg>
<doc>Logs the given message with the given level.</doc>
<status status="PASS" start="2024-09-29T14:41:47.945710" elapsed="0.000342"/>
</kw>
<kw name="Should Be Equal" owner="BuiltIn">
<arg>${json_data["game_id"]}</arg>
<arg>${game_id}</arg>
<doc>Fails if the given objects are unequal.</doc>
<status status="PASS" start="2024-09-29T14:41:47.946190" elapsed="0.000479"/>
</kw>
<kw name="Should Be Equal" owner="BuiltIn">
<arg>${json_data["message"]}</arg>
<arg>Move made</arg>
<doc>Fails if the given objects are unequal.</doc>
<status status="PASS" start="2024-09-29T14:41:47.946779" elapsed="0.000716"/>
</kw>
<kw name="Should Be Equal" owner="BuiltIn">
<arg>${json_data["moves"]}</arg>
<arg>3X</arg>
<doc>Fails if the given objects are unequal.</doc>
<status status="PASS" start="2024-09-29T14:41:47.949586" elapsed="0.000403"/>
</kw>
<doc>Test wykonania pierwszego ruchu</doc>
<status status="PASS" start="2024-09-29T14:41:47.884484" elapsed="0.065696"/>
</test>
<test id="s1-t4" name="Make Invalid Move" line="48">
<kw name="Create Dictionary" owner="BuiltIn">
<msg time="2024-09-29T14:41:47.950790" level="INFO">${body} = {'cellIndex': '3'}</msg>
<var>${body}</var>
<arg>cellIndex=3</arg>
<doc>Creates and returns a dictionary based on the given ``items``.</doc>
<status status="PASS" start="2024-09-29T14:41:47.950597" elapsed="0.000213"/>
</kw>
<kw name="Run Keyword And Ignore Error" owner="BuiltIn">
<kw name="POST" owner="RequestsLibrary">
<msg time="2024-09-29T14:41:47.976199" level="INFO">POST Request : url=http://127.0.0.1:5000/game/48/move 
 path_url=/game/48/move 
 headers={'User-Agent': 'python-requests/2.32.3', 'Accept-Encoding': 'gzip, deflate', 'Accept': '*/*', 'Connection': 'keep-alive', 'Content-Length': '18', 'Content-Type': 'application/json'} 
 body=b'{"cellIndex": "3"}' 
 </msg>
<msg time="2024-09-29T14:41:47.976299" level="INFO">POST Response : url=http://127.0.0.1:5000/game/48/move 
 status=400, reason=BAD REQUEST 
 headers={'Server': 'Werkzeug/3.0.4 Python/3.10.12', 'Date': 'Sun, 29 Sep 2024 12:41:47 GMT', 'Content-Type': 'application/json', 'Content-Length': '44', 'Access-Control-Allow-Origin': '*', 'Connection': 'close'} 
 body={
  "message": "Cell is already occupied"
}
 
 </msg>
<msg time="2024-09-29T14:41:47.976553" level="FAIL">HTTPError: 400 Client Error: BAD REQUEST for url: http://127.0.0.1:5000/game/48/move</msg>
<arg>${url}/game/${game_id}/move</arg>
<arg>json=${body}</arg>
<doc>Sends a POST request.</doc>
<status status="FAIL" start="2024-09-29T14:41:47.951076" elapsed="0.025988">HTTPError: 400 Client Error: BAD REQUEST for url: http://127.0.0.1:5000/game/48/move</status>
</kw>
<msg time="2024-09-29T14:41:47.977227" level="INFO">${status} = FAIL</msg>
<msg time="2024-09-29T14:41:47.977258" level="INFO">${response} = HTTPError: 400 Client Error: BAD REQUEST for url: http://127.0.0.1:5000/game/48/move</msg>
<var>${status}</var>
<var>${response}</var>
<arg>POST</arg>
<arg>${url}/game/${game_id}/move</arg>
<arg>json=${body}</arg>
<doc>Runs the given keyword with the given arguments and ignores possible error.</doc>
<status status="PASS" start="2024-09-29T14:41:47.950952" elapsed="0.026321"/>
</kw>
<kw name="Log" owner="BuiltIn">
<msg time="2024-09-29T14:41:47.979683" level="INFO">FAIL</msg>
<arg>${status}</arg>
<doc>Logs the given message with the given level.</doc>
<status status="PASS" start="2024-09-29T14:41:47.979429" elapsed="0.000300"/>
</kw>
<kw name="Log" owner="BuiltIn">
<msg time="2024-09-29T14:41:47.980068" level="INFO">HTTPError: 400 Client Error: BAD REQUEST for url: http://127.0.0.1:5000/game/48/move</msg>
<arg>${response}</arg>
<doc>Logs the given message with the given level.</doc>
<status status="PASS" start="2024-09-29T14:41:47.979906" elapsed="0.000207"/>
</kw>
<kw name="Should Be Equal" owner="BuiltIn">
<arg>${status}</arg>
<arg>FAIL</arg>
<doc>Fails if the given objects are unequal.</doc>
<status status="PASS" start="2024-09-29T14:41:47.980240" elapsed="0.000146"/>
</kw>
<kw name="GET" owner="RequestsLibrary">
<msg time="2024-09-29T14:41:47.988461" level="INFO">GET Request : url=http://127.0.0.1:5000/game/48 
 path_url=/game/48 
 headers={'User-Agent': 'python-requests/2.32.3', 'Accept-Encoding': 'gzip, deflate', 'Accept': '*/*', 'Connection': 'keep-alive'} 
 body=None 
 </msg>
<msg time="2024-09-29T14:41:47.988553" level="INFO">GET Response : url=http://127.0.0.1:5000/game/48 
 status=200, reason=OK 
 headers={'Server': 'Werkzeug/3.0.4 Python/3.10.12', 'Date': 'Sun, 29 Sep 2024 12:41:47 GMT', 'Content-Type': 'application/json', 'Content-Length': '37', 'Access-Control-Allow-Origin': '*', 'Connection': 'close'} 
 body={
  "game_id": 48,
  "moves": "3X"
}
 
 </msg>
<msg time="2024-09-29T14:41:47.988683" level="INFO">${response} = &lt;Response [200]&gt;</msg>
<var>${response}</var>
<arg>${url}/game/${game_id}</arg>
<doc>Sends a GET request.</doc>
<status status="PASS" start="2024-09-29T14:41:47.980856" elapsed="0.007938"/>
</kw>
<kw name="Should Be Equal As Integers" owner="BuiltIn">
<msg time="2024-09-29T14:41:47.991301" level="INFO">Argument types are:
&lt;class 'int'&gt;
&lt;class 'str'&gt;</msg>
<arg>${response.status_code}</arg>
<arg>200</arg>
<doc>Fails if objects are unequal after converting them to integers.</doc>
<status status="PASS" start="2024-09-29T14:41:47.989694" elapsed="0.001737"/>
</kw>
<kw name="Set Variable" owner="BuiltIn">
<msg time="2024-09-29T14:41:47.994137" level="INFO">${json_data} = {'game_id': 48, 'moves': '3X'}</msg>
<var>${json_data}</var>
<arg>${response.json()}</arg>
<doc>Returns the given values which can then be assigned to a variables.</doc>
<status status="PASS" start="2024-09-29T14:41:47.993298" elapsed="0.000879"/>
</kw>
<kw name="Log To Console" owner="BuiltIn">
<arg>${json_data}</arg>
<doc>Logs the given message to the console.</doc>
<status status="PASS" start="2024-09-29T14:41:47.994417" elapsed="0.000224"/>
</kw>
<kw name="Log" owner="BuiltIn">
<msg time="2024-09-29T14:41:47.994965" level="INFO">{'game_id': 48, 'moves': '3X'}</msg>
<arg>${json_data}</arg>
<doc>Logs the given message with the given level.</doc>
<status status="PASS" start="2024-09-29T14:41:47.994811" elapsed="0.000233"/>
</kw>
<kw name="Should Be Equal" owner="BuiltIn">
<arg>${json_data["moves"]}</arg>
<arg>3X</arg>
<doc>Fails if the given objects are unequal.</doc>
<status status="PASS" start="2024-09-29T14:41:47.995188" elapsed="0.000558"/>
</kw>
<doc>Test wykonania ruchu na to samo pole</doc>
<status status="PASS" start="2024-09-29T14:41:47.950332" elapsed="0.045574"/>
</test>
<test id="s1-t5" name="Make second move" line="65">
<kw name="Create Dictionary" owner="BuiltIn">
<msg time="2024-09-29T14:41:47.996894" level="INFO">${body} = {'cellIndex': '7'}</msg>
<var>${body}</var>
<arg>cellIndex=7</arg>
<doc>Creates and returns a dictionary based on the given ``items``.</doc>
<status status="PASS" start="2024-09-29T14:41:47.996715" elapsed="0.000200"/>
</kw>
<kw name="POST" owner="RequestsLibrary">
<msg time="2024-09-29T14:41:48.028353" level="INFO">POST Request : url=http://127.0.0.1:5000/game/48/move 
 path_url=/game/48/move 
 headers={'User-Agent': 'python-requests/2.32.3', 'Accept-Encoding': 'gzip, deflate', 'Accept': '*/*', 'Connection': 'keep-alive', 'Content-Length': '18', 'Content-Type': 'application/json'} 
 body=b'{"cellIndex": "7"}' 
 </msg>
<msg time="2024-09-29T14:41:48.028553" level="INFO">POST Response : url=http://127.0.0.1:5000/game/48/move 
 status=200, reason=OK 
 headers={'Server': 'Werkzeug/3.0.4 Python/3.10.12', 'Date': 'Sun, 29 Sep 2024 12:41:48 GMT', 'Content-Type': 'application/json', 'Content-Length': '65', 'Access-Control-Allow-Origin': '*', 'Connection': 'close'} 
 body={
  "game_id": 48,
  "message": "Move made",
  "moves": "3X7O"
}
 
 </msg>
<msg time="2024-09-29T14:41:48.028735" level="INFO">${response} = &lt;Response [200]&gt;</msg>
<var>${response}</var>
<arg>${url}/game/${game_id}/move</arg>
<arg>json=${body}</arg>
<doc>Sends a POST request.</doc>
<status status="PASS" start="2024-09-29T14:41:47.998790" elapsed="0.029972"/>
</kw>
<kw name="Should Be Equal As Integers" owner="BuiltIn">
<msg time="2024-09-29T14:41:48.029515" level="INFO">Argument types are:
&lt;class 'int'&gt;
&lt;class 'str'&gt;</msg>
<arg>${response.status_code}</arg>
<arg>200</arg>
<doc>Fails if objects are unequal after converting them to integers.</doc>
<status status="PASS" start="2024-09-29T14:41:48.029052" elapsed="0.000520"/>
</kw>
<kw name="Set Variable" owner="BuiltIn">
<msg time="2024-09-29T14:41:48.030743" level="INFO">${json_data} = {'game_id': 48, 'message': 'Move made', 'moves': '3X7O'}</msg>
<var>${json_data}</var>
<arg>${response.json()}</arg>
<doc>Returns the given values which can then be assigned to a variables.</doc>
<status status="PASS" start="2024-09-29T14:41:48.029768" elapsed="0.001005"/>
</kw>
<kw name="Log To Console" owner="BuiltIn">
<arg>${json_data}</arg>
<doc>Logs the given message to the console.</doc>
<status status="PASS" start="2024-09-29T14:41:48.031086" elapsed="0.000687"/>
</kw>
<kw name="Log" owner="BuiltIn">
<msg time="2024-09-29T14:41:48.032055" level="INFO">{'game_id': 48, 'message': 'Move made', 'moves': '3X7O'}</msg>
<arg>${json_data}</arg>
<doc>Logs the given message with the given level.</doc>
<status status="PASS" start="2024-09-29T14:41:48.031907" elapsed="0.000194"/>
</kw>
<kw name="Should Be Equal" owner="BuiltIn">
<arg>${json_data["game_id"]}</arg>
<arg>${game_id}</arg>
<doc>Fails if the given objects are unequal.</doc>
<status status="PASS" start="2024-09-29T14:41:48.032290" elapsed="0.000592"/>
</kw>
<kw name="Should Be Equal" owner="BuiltIn">
<arg>${json_data["message"]}</arg>
<arg>Move made</arg>
<doc>Fails if the given objects are unequal.</doc>
<status status="PASS" start="2024-09-29T14:41:48.033286" elapsed="0.000492"/>
</kw>
<kw name="Should Be Equal" owner="BuiltIn">
<arg>${json_data["moves"]}</arg>
<arg>3X7O</arg>
<doc>Fails if the given objects are unequal.</doc>
<status status="PASS" start="2024-09-29T14:41:48.035353" elapsed="0.001170"/>
</kw>
<doc>Test wykonania drugiego ruchu</doc>
<status status="PASS" start="2024-09-29T14:41:47.996213" elapsed="0.040639"/>
</test>
<status status="PASS" start="2024-09-29T14:41:47.667452" elapsed="0.369867"/>
</suite>
<statistics>
<total>
<stat pass="5" fail="0" skip="0">All Tests</stat>
</total>
<tag>
</tag>
<suite>
<stat pass="5" fail="0" skip="0" id="s1" name="testAPI">testAPI</stat>
</suite>
</statistics>
<errors>
</errors>
</robot>
