<?xml version="1.0" encoding="UTF-8"?>
<robot generator="Robot 7.1 (Python 3.10.12 on linux)" generated="2024-09-28T14:15:23.228991" rpa="false" schemaversion="5">
<suite id="s1" name="Test05" source="/home/agakab/PycharmProjects/Robot/test05.robot">
<test id="s1-t1" name="Test empik" line="9">
<kw name="Open Browser" owner="SeleniumLibrary">
<msg time="2024-09-28T14:15:23.493649" level="INFO">Opening browser 'Chrome' to base url 'https://www.empik.com/bestsellery'.</msg>
<arg>${url}</arg>
<arg>Chrome</arg>
<doc>Opens a new browser instance to the optional ``url``.</doc>
<status status="PASS" start="2024-09-28T14:15:23.492990" elapsed="11.153173"/>
</kw>
<kw name="Sleep" owner="BuiltIn">
<msg time="2024-09-28T14:15:39.664608" level="INFO">Slept 5 seconds.</msg>
<arg>5</arg>
<doc>Pauses the test executed for the given time.</doc>
<status status="PASS" start="2024-09-28T14:15:34.648286" elapsed="5.016529"/>
</kw>
<kw name="Maximize Browser Window" owner="SeleniumLibrary">
<doc>Maximizes current browser window.</doc>
<status status="PASS" start="2024-09-28T14:15:39.665613" elapsed="0.374853"/>
</kw>
<kw name="Click Element" owner="SeleniumLibrary">
<msg time="2024-09-28T14:15:40.048074" level="INFO">Clicking element 'css=button[data-ta="cookie-btn-accept-all"]'.</msg>
<arg>css=button[data-ta="cookie-btn-accept-all"]</arg>
<doc>Click the element identified by ``locator``.</doc>
<status status="PASS" start="2024-09-28T14:15:40.045769" elapsed="0.225784"/>
</kw>
<kw name="Get WebElements" owner="SeleniumLibrary">
<msg time="2024-09-28T14:15:40.320867" level="INFO">@{best} = [ &lt;selenium.webdriver.remote.webelement.WebElement (session="79f06c919f22041105092eb2ecac8961", element="f.FDAD4BD68596A55FBCCE6190885F304D.d.D455D4D41D2B2819EE516C7E71F69DB9.e.103")&gt; | &lt;selenium.webd...</msg>
<var>@{best}</var>
<arg>css=.ta-product-title</arg>
<doc>Returns a list of WebElement objects matching the ``locator``.</doc>
<status status="PASS" start="2024-09-28T14:15:40.273532" elapsed="0.047432"/>
</kw>
<kw name="Create List" owner="BuiltIn">
<msg time="2024-09-28T14:15:40.322139" level="INFO">@{list} = [ ]</msg>
<var>@{list}</var>
<doc>Returns a list containing given items.</doc>
<status status="PASS" start="2024-09-28T14:15:40.321839" elapsed="0.000346"/>
</kw>
<for flavor="IN">
<iter>
<kw name="Log To Console" owner="BuiltIn">
<arg>${element.text}</arg>
<doc>Logs the given message to the console.</doc>
<status status="PASS" start="2024-09-28T14:15:40.324118" elapsed="0.021344"/>
</kw>
<kw name="Log" owner="BuiltIn">
<msg time="2024-09-28T14:15:40.366355" level="INFO">1 White Agony. Hellish. Tom 6</msg>
<arg>${element.text}</arg>
<doc>Logs the given message with the given level.</doc>
<status status="PASS" start="2024-09-28T14:15:40.345807" elapsed="0.020657"/>
</kw>
<kw name="Append To List" owner="Collections">
<arg>${list}</arg>
<arg>${element.text}</arg>
<doc>Adds ``values`` to the end of ``list``.</doc>
<status status="PASS" start="2024-09-28T14:15:40.366798" elapsed="0.011874"/>
</kw>
<var name="${element}">&lt;selenium.webdriver.remote.webelement.WebElement (session="79f06c919f22041105092eb2ecac8961", element="f.FDAD4BD68596A55FBCCE6190885F304D.d.D455D4D41D2B2819EE516C7E71F69DB9.e.103")&gt;</var>
<status status="PASS" start="2024-09-28T14:15:40.323908" elapsed="0.054883"/>
</iter>
<iter>
<kw name="Log To Console" owner="BuiltIn">
<arg>${element.text}</arg>
<doc>Logs the given message to the console.</doc>
<status status="PASS" start="2024-09-28T14:15:40.379098" elapsed="0.014784"/>
</kw>
<kw name="Log" owner="BuiltIn">
<msg time="2024-09-28T14:15:40.402165" level="INFO">2 Szkolne lifehacki</msg>
<arg>${element.text}</arg>
<doc>Logs the given message with the given level.</doc>
<status status="PASS" start="2024-09-28T14:15:40.394131" elapsed="0.008171"/>
</kw>
<kw name="Append To List" owner="Collections">
<arg>${list}</arg>
<arg>${element.text}</arg>
<doc>Adds ``values`` to the end of ``list``.</doc>
<status status="PASS" start="2024-09-28T14:15:40.402665" elapsed="0.008307"/>
</kw>
<var name="${element}">&lt;selenium.webdriver.remote.webelement.WebElement (session="79f06c919f22041105092eb2ecac8961", element="f.FDAD4BD68596A55FBCCE6190885F304D.d.D455D4D41D2B2819EE516C7E71F69DB9.e.112")&gt;</var>
<status status="PASS" start="2024-09-28T14:15:40.378973" elapsed="0.032109"/>
</iter>
<iter>
<kw name="Log To Console" owner="BuiltIn">
<arg>${element.text}</arg>
<doc>Logs the given message to the console.</doc>
<status status="PASS" start="2024-09-28T14:15:40.411360" elapsed="0.015553"/>
</kw>
<kw name="Log" owner="BuiltIn">
<msg time="2024-09-28T14:15:43.460759" level="INFO">3 Obrona. Joanna Chyłka. Tom 18</msg>
<arg>${element.text}</arg>
<doc>Logs the given message with the given level.</doc>
<status status="PASS" start="2024-09-28T14:15:40.427161" elapsed="3.033781"/>
</kw>
<kw name="Append To List" owner="Collections">
<arg>${list}</arg>
<arg>${element.text}</arg>
<doc>Adds ``values`` to the end of ``list``.</doc>
<status status="PASS" start="2024-09-28T14:15:43.461171" elapsed="1.001316"/>
</kw>
<var name="${element}">&lt;selenium.webdriver.remote.webelement.WebElement (session="79f06c919f22041105092eb2ecac8961", element="f.FDAD4BD68596A55FBCCE6190885F304D.d.D455D4D41D2B2819EE516C7E71F69DB9.e.123")&gt;</var>
<status status="PASS" start="2024-09-28T14:15:40.411243" elapsed="4.051462"/>
</iter>
<iter>
<kw name="Log To Console" owner="BuiltIn">
<arg>${element.text}</arg>
<doc>Logs the given message to the console.</doc>
<status status="PASS" start="2024-09-28T14:15:44.463632" elapsed="0.044057"/>
</kw>
<kw name="Log" owner="BuiltIn">
<msg time="2024-09-28T14:15:44.518577" level="INFO">4 Przebudzone</msg>
<arg>${element.text}</arg>
<doc>Logs the given message with the given level.</doc>
<status status="PASS" start="2024-09-28T14:15:44.507943" elapsed="0.010724"/>
</kw>
<kw name="Append To List" owner="Collections">
<arg>${list}</arg>
<arg>${element.text}</arg>
<doc>Adds ``values`` to the end of ``list``.</doc>
<status status="PASS" start="2024-09-28T14:15:44.518860" elapsed="0.017903"/>
</kw>
<var name="${element}">&lt;selenium.webdriver.remote.webelement.WebElement (session="79f06c919f22041105092eb2ecac8961", element="f.FDAD4BD68596A55FBCCE6190885F304D.d.D455D4D41D2B2819EE516C7E71F69DB9.e.162")&gt;</var>
<status status="PASS" start="2024-09-28T14:15:44.463362" elapsed="0.073516"/>
</iter>
<iter>
<kw name="Log To Console" owner="BuiltIn">
<arg>${element.text}</arg>
<doc>Logs the given message to the console.</doc>
<status status="PASS" start="2024-09-28T14:15:44.537318" elapsed="0.013070"/>
</kw>
<kw name="Log" owner="BuiltIn">
<msg time="2024-09-28T14:15:44.563965" level="INFO">5 Red Shirt</msg>
<arg>${element.text}</arg>
<doc>Logs the given message with the given level.</doc>
<status status="PASS" start="2024-09-28T14:15:44.550681" elapsed="0.013364"/>
</kw>
<kw name="Append To List" owner="Collections">
<arg>${list}</arg>
<arg>${element.text}</arg>
<doc>Adds ``values`` to the end of ``list``.</doc>
<status status="PASS" start="2024-09-28T14:15:44.564232" elapsed="0.020180"/>
</kw>
<var name="${element}">&lt;selenium.webdriver.remote.webelement.WebElement (session="79f06c919f22041105092eb2ecac8961", element="f.FDAD4BD68596A55FBCCE6190885F304D.d.D455D4D41D2B2819EE516C7E71F69DB9.e.163")&gt;</var>
<status status="PASS" start="2024-09-28T14:15:44.537047" elapsed="0.047523"/>
</iter>
<iter>
<kw name="Log To Console" owner="BuiltIn">
<arg>${element.text}</arg>
<doc>Logs the given message to the console.</doc>
<status status="PASS" start="2024-09-28T14:15:44.584864" elapsed="0.008488"/>
</kw>
<kw name="Log" owner="BuiltIn">
<msg time="2024-09-28T14:15:44.603106" level="INFO">6 Chasing Paris. Tom 1</msg>
<arg>${element.text}</arg>
<doc>Logs the given message with the given level.</doc>
<status status="PASS" start="2024-09-28T14:15:44.593629" elapsed="0.009570"/>
</kw>
<kw name="Append To List" owner="Collections">
<arg>${list}</arg>
<arg>${element.text}</arg>
<doc>Adds ``values`` to the end of ``list``.</doc>
<status status="PASS" start="2024-09-28T14:15:44.603393" elapsed="0.013815"/>
</kw>
<var name="${element}">&lt;selenium.webdriver.remote.webelement.WebElement (session="79f06c919f22041105092eb2ecac8961", element="f.FDAD4BD68596A55FBCCE6190885F304D.d.D455D4D41D2B2819EE516C7E71F69DB9.e.164")&gt;</var>
<status status="PASS" start="2024-09-28T14:15:44.584745" elapsed="0.032598"/>
</iter>
<iter>
<kw name="Log To Console" owner="BuiltIn">
<arg>${element.text}</arg>
<doc>Logs the given message to the console.</doc>
<status status="PASS" start="2024-09-28T14:15:44.618866" elapsed="0.010856"/>
</kw>
<kw name="Log" owner="BuiltIn">
<msg time="2024-09-28T14:15:44.638833" level="INFO">7 Glukozowa rewolucja</msg>
<arg>${element.text}</arg>
<doc>Logs the given message with the given level.</doc>
<status status="PASS" start="2024-09-28T14:15:44.629956" elapsed="0.008993"/>
</kw>
<kw name="Append To List" owner="Collections">
<arg>${list}</arg>
<arg>${element.text}</arg>
<doc>Adds ``values`` to the end of ``list``.</doc>
<status status="PASS" start="2024-09-28T14:15:44.639312" elapsed="0.049796"/>
</kw>
<var name="${element}">&lt;selenium.webdriver.remote.webelement.WebElement (session="79f06c919f22041105092eb2ecac8961", element="f.FDAD4BD68596A55FBCCE6190885F304D.d.D455D4D41D2B2819EE516C7E71F69DB9.e.165")&gt;</var>
<status status="PASS" start="2024-09-28T14:15:44.618638" elapsed="0.070576"/>
</iter>
<iter>
<kw name="Log To Console" owner="BuiltIn">
<arg>${element.text}</arg>
<doc>Logs the given message to the console.</doc>
<status status="PASS" start="2024-09-28T14:15:44.689490" elapsed="0.015086"/>
</kw>
<kw name="Log" owner="BuiltIn">
<msg time="2024-09-28T14:15:44.719549" level="INFO">8 Trzy siostry. Burza</msg>
<arg>${element.text}</arg>
<doc>Logs the given message with the given level.</doc>
<status status="PASS" start="2024-09-28T14:15:44.704835" elapsed="0.014808"/>
</kw>
<kw name="Append To List" owner="Collections">
<arg>${list}</arg>
<arg>${element.text}</arg>
<doc>Adds ``values`` to the end of ``list``.</doc>
<status status="PASS" start="2024-09-28T14:15:44.719839" elapsed="0.010918"/>
</kw>
<var name="${element}">&lt;selenium.webdriver.remote.webelement.WebElement (session="79f06c919f22041105092eb2ecac8961", element="f.FDAD4BD68596A55FBCCE6190885F304D.d.D455D4D41D2B2819EE516C7E71F69DB9.e.166")&gt;</var>
<status status="PASS" start="2024-09-28T14:15:44.689373" elapsed="0.041495"/>
</iter>
<iter>
<kw name="Log To Console" owner="BuiltIn">
<arg>${element.text}</arg>
<doc>Logs the given message to the console.</doc>
<status status="PASS" start="2024-09-28T14:15:44.731159" elapsed="0.008190"/>
</kw>
<kw name="Log" owner="BuiltIn">
<msg time="2024-09-28T14:15:44.754039" level="INFO">9 Jelly Frucik i szalony live</msg>
<arg>${element.text}</arg>
<doc>Logs the given message with the given level.</doc>
<status status="PASS" start="2024-09-28T14:15:44.739733" elapsed="0.014385"/>
</kw>
<kw name="Append To List" owner="Collections">
<arg>${list}</arg>
<arg>${element.text}</arg>
<doc>Adds ``values`` to the end of ``list``.</doc>
<status status="PASS" start="2024-09-28T14:15:44.754308" elapsed="0.018792"/>
</kw>
<var name="${element}">&lt;selenium.webdriver.remote.webelement.WebElement (session="79f06c919f22041105092eb2ecac8961", element="f.FDAD4BD68596A55FBCCE6190885F304D.d.D455D4D41D2B2819EE516C7E71F69DB9.e.167")&gt;</var>
<status status="PASS" start="2024-09-28T14:15:44.731029" elapsed="0.042179"/>
</iter>
<iter>
<kw name="Log To Console" owner="BuiltIn">
<arg>${element.text}</arg>
<doc>Logs the given message to the console.</doc>
<status status="PASS" start="2024-09-28T14:15:44.773489" elapsed="0.012180"/>
</kw>
<kw name="Log" owner="BuiltIn">
<msg time="2024-09-28T14:15:44.805006" level="INFO">10 Chłopki. Opowieść o naszych babkach</msg>
<arg>${element.text}</arg>
<doc>Logs the given message with the given level.</doc>
<status status="PASS" start="2024-09-28T14:15:44.785905" elapsed="0.019183"/>
</kw>
<kw name="Append To List" owner="Collections">
<arg>${list}</arg>
<arg>${element.text}</arg>
<doc>Adds ``values`` to the end of ``list``.</doc>
<status status="PASS" start="2024-09-28T14:15:44.805358" elapsed="0.010317"/>
</kw>
<var name="${element}">&lt;selenium.webdriver.remote.webelement.WebElement (session="79f06c919f22041105092eb2ecac8961", element="f.FDAD4BD68596A55FBCCE6190885F304D.d.D455D4D41D2B2819EE516C7E71F69DB9.e.168")&gt;</var>
<status status="PASS" start="2024-09-28T14:15:44.773370" elapsed="0.042419"/>
</iter>
<iter>
<kw name="Log To Console" owner="BuiltIn">
<arg>${element.text}</arg>
<doc>Logs the given message to the console.</doc>
<status status="PASS" start="2024-09-28T14:15:44.816067" elapsed="0.010034"/>
</kw>
<kw name="Log" owner="BuiltIn">
<msg time="2024-09-28T14:15:44.848185" level="INFO">11 Dziewczyna z wrzosowisk (barwione brzegi)</msg>
<arg>${element.text}</arg>
<doc>Logs the given message with the given level.</doc>
<status status="PASS" start="2024-09-28T14:15:44.826387" elapsed="0.021884"/>
</kw>
<kw name="Append To List" owner="Collections">
<arg>${list}</arg>
<arg>${element.text}</arg>
<doc>Adds ``values`` to the end of ``list``.</doc>
<status status="PASS" start="2024-09-28T14:15:44.848539" elapsed="0.015723"/>
</kw>
<var name="${element}">&lt;selenium.webdriver.remote.webelement.WebElement (session="79f06c919f22041105092eb2ecac8961", element="f.FDAD4BD68596A55FBCCE6190885F304D.d.D455D4D41D2B2819EE516C7E71F69DB9.e.169")&gt;</var>
<status status="PASS" start="2024-09-28T14:15:44.815953" elapsed="0.048417"/>
</iter>
<iter>
<kw name="Log To Console" owner="BuiltIn">
<arg>${element.text}</arg>
<doc>Logs the given message to the console.</doc>
<status status="PASS" start="2024-09-28T14:15:44.864743" elapsed="0.019606"/>
</kw>
<kw name="Log" owner="BuiltIn">
<msg time="2024-09-28T14:15:44.898737" level="INFO">12 Ogarnij tarczycę. Jak odzyskać zdrowie i siły przy hashimoto i niedoczynności</msg>
<arg>${element.text}</arg>
<doc>Logs the given message with the given level.</doc>
<status status="PASS" start="2024-09-28T14:15:44.884635" elapsed="0.014216"/>
</kw>
<kw name="Append To List" owner="Collections">
<arg>${list}</arg>
<arg>${element.text}</arg>
<doc>Adds ``values`` to the end of ``list``.</doc>
<status status="PASS" start="2024-09-28T14:15:44.899110" elapsed="0.009535"/>
</kw>
<var name="${element}">&lt;selenium.webdriver.remote.webelement.WebElement (session="79f06c919f22041105092eb2ecac8961", element="f.FDAD4BD68596A55FBCCE6190885F304D.d.D455D4D41D2B2819EE516C7E71F69DB9.e.170")&gt;</var>
<status status="PASS" start="2024-09-28T14:15:44.864604" elapsed="0.044151"/>
</iter>
<iter>
<kw name="Log To Console" owner="BuiltIn">
<arg>${element.text}</arg>
<doc>Logs the given message to the console.</doc>
<status status="PASS" start="2024-09-28T14:15:44.909028" elapsed="0.009833"/>
</kw>
<kw name="Log" owner="BuiltIn">
<msg time="2024-09-28T14:15:44.929050" level="INFO">13 Zrozum mnie</msg>
<arg>${element.text}</arg>
<doc>Logs the given message with the given level.</doc>
<status status="PASS" start="2024-09-28T14:15:44.919131" elapsed="0.009996"/>
</kw>
<kw name="Append To List" owner="Collections">
<arg>${list}</arg>
<arg>${element.text}</arg>
<doc>Adds ``values`` to the end of ``list``.</doc>
<status status="PASS" start="2024-09-28T14:15:44.929310" elapsed="0.014461"/>
</kw>
<var name="${element}">&lt;selenium.webdriver.remote.webelement.WebElement (session="79f06c919f22041105092eb2ecac8961", element="f.FDAD4BD68596A55FBCCE6190885F304D.d.D455D4D41D2B2819EE516C7E71F69DB9.e.171")&gt;</var>
<status status="PASS" start="2024-09-28T14:15:44.908914" elapsed="0.035051"/>
</iter>
<iter>
<kw name="Log To Console" owner="BuiltIn">
<arg>${element.text}</arg>
<doc>Logs the given message to the console.</doc>
<status status="PASS" start="2024-09-28T14:15:44.944294" elapsed="0.012425"/>
</kw>
<kw name="Log" owner="BuiltIn">
<msg time="2024-09-28T14:15:44.968276" level="INFO">14 Asiunia</msg>
<arg>${element.text}</arg>
<doc>Logs the given message with the given level.</doc>
<status status="PASS" start="2024-09-28T14:15:44.956952" elapsed="0.011459"/>
</kw>
<kw name="Append To List" owner="Collections">
<arg>${list}</arg>
<arg>${element.text}</arg>
<doc>Adds ``values`` to the end of ``list``.</doc>
<status status="PASS" start="2024-09-28T14:15:44.968854" elapsed="0.018264"/>
</kw>
<var name="${element}">&lt;selenium.webdriver.remote.webelement.WebElement (session="79f06c919f22041105092eb2ecac8961", element="f.FDAD4BD68596A55FBCCE6190885F304D.d.D455D4D41D2B2819EE516C7E71F69DB9.e.172")&gt;</var>
<status status="PASS" start="2024-09-28T14:15:44.944161" elapsed="0.043141"/>
</iter>
<iter>
<kw name="Log To Console" owner="BuiltIn">
<arg>${element.text}</arg>
<doc>Logs the given message to the console.</doc>
<status status="PASS" start="2024-09-28T14:15:44.987674" elapsed="0.011853"/>
</kw>
<kw name="Log" owner="BuiltIn">
<msg time="2024-09-28T14:15:45.010653" level="INFO">15 Zakręty życia. Rozmowy o miłości, depresji, nałogach i odnajdywaniu siebie</msg>
<arg>${element.text}</arg>
<doc>Logs the given message with the given level.</doc>
<status status="PASS" start="2024-09-28T14:15:44.999790" elapsed="0.010948"/>
</kw>
<kw name="Append To List" owner="Collections">
<arg>${list}</arg>
<arg>${element.text}</arg>
<doc>Adds ``values`` to the end of ``list``.</doc>
<status status="PASS" start="2024-09-28T14:15:45.010928" elapsed="0.014061"/>
</kw>
<var name="${element}">&lt;selenium.webdriver.remote.webelement.WebElement (session="79f06c919f22041105092eb2ecac8961", element="f.FDAD4BD68596A55FBCCE6190885F304D.d.D455D4D41D2B2819EE516C7E71F69DB9.e.173")&gt;</var>
<status status="PASS" start="2024-09-28T14:15:44.987516" elapsed="0.037626"/>
</iter>
<iter>
<kw name="Log To Console" owner="BuiltIn">
<arg>${element.text}</arg>
<doc>Logs the given message to the console.</doc>
<status status="PASS" start="2024-09-28T14:15:45.025461" elapsed="0.012253"/>
</kw>
<kw name="Log" owner="BuiltIn">
<msg time="2024-09-28T14:15:45.048716" level="INFO">16 Eskapada</msg>
<arg>${element.text}</arg>
<doc>Logs the given message with the given level.</doc>
<status status="PASS" start="2024-09-28T14:15:45.037944" elapsed="0.010867"/>
</kw>
<kw name="Append To List" owner="Collections">
<arg>${list}</arg>
<arg>${element.text}</arg>
<doc>Adds ``values`` to the end of ``list``.</doc>
<status status="PASS" start="2024-09-28T14:15:45.049028" elapsed="0.015753"/>
</kw>
<var name="${element}">&lt;selenium.webdriver.remote.webelement.WebElement (session="79f06c919f22041105092eb2ecac8961", element="f.FDAD4BD68596A55FBCCE6190885F304D.d.D455D4D41D2B2819EE516C7E71F69DB9.e.174")&gt;</var>
<status status="PASS" start="2024-09-28T14:15:45.025319" elapsed="0.039569"/>
</iter>
<iter>
<kw name="Log To Console" owner="BuiltIn">
<arg>${element.text}</arg>
<doc>Logs the given message to the console.</doc>
<status status="PASS" start="2024-09-28T14:15:45.065165" elapsed="0.012566"/>
</kw>
<kw name="Log" owner="BuiltIn">
<msg time="2024-09-28T14:15:45.089581" level="INFO">17 Murdle. 100 zagadek kryminalnych do rozwikłania przy użyciu logiki, wiedzy oraz sztuki dedukcji. Tom 1</msg>
<arg>${element.text}</arg>
<doc>Logs the given message with the given level.</doc>
<status status="PASS" start="2024-09-28T14:15:45.077963" elapsed="0.011722"/>
</kw>
<kw name="Append To List" owner="Collections">
<arg>${list}</arg>
<arg>${element.text}</arg>
<doc>Adds ``values`` to the end of ``list``.</doc>
<status status="PASS" start="2024-09-28T14:15:45.089893" elapsed="0.015598"/>
</kw>
<var name="${element}">&lt;selenium.webdriver.remote.webelement.WebElement (session="79f06c919f22041105092eb2ecac8961", element="f.FDAD4BD68596A55FBCCE6190885F304D.d.D455D4D41D2B2819EE516C7E71F69DB9.e.175")&gt;</var>
<status status="PASS" start="2024-09-28T14:15:45.065048" elapsed="0.040580"/>
</iter>
<iter>
<kw name="Log To Console" owner="BuiltIn">
<arg>${element.text}</arg>
<doc>Logs the given message to the console.</doc>
<status status="PASS" start="2024-09-28T14:15:45.105915" elapsed="0.012250"/>
</kw>
<kw name="Log" owner="BuiltIn">
<msg time="2024-09-28T14:15:45.157215" level="INFO">18 Nic mnie nie złamie. Zapanuj nad swoim umysłem i pokonaj przeciwności losu</msg>
<arg>${element.text}</arg>
<doc>Logs the given message with the given level.</doc>
<status status="PASS" start="2024-09-28T14:15:45.118398" elapsed="0.038936"/>
</kw>
<kw name="Append To List" owner="Collections">
<arg>${list}</arg>
<arg>${element.text}</arg>
<doc>Adds ``values`` to the end of ``list``.</doc>
<status status="PASS" start="2024-09-28T14:15:45.158136" elapsed="0.014056"/>
</kw>
<var name="${element}">&lt;selenium.webdriver.remote.webelement.WebElement (session="79f06c919f22041105092eb2ecac8961", element="f.FDAD4BD68596A55FBCCE6190885F304D.d.D455D4D41D2B2819EE516C7E71F69DB9.e.176")&gt;</var>
<status status="PASS" start="2024-09-28T14:15:45.105797" elapsed="0.066504"/>
</iter>
<iter>
<kw name="Log To Console" owner="BuiltIn">
<arg>${element.text}</arg>
<doc>Logs the given message to the console.</doc>
<status status="PASS" start="2024-09-28T14:15:45.172980" elapsed="0.012480"/>
</kw>
<kw name="Log" owner="BuiltIn">
<msg time="2024-09-28T14:15:45.203208" level="INFO">19 #1 Zagadkowe zniknięcie Baśki – Michał Fajbusiewicz – podcast</msg>
<arg>${element.text}</arg>
<doc>Logs the given message with the given level.</doc>
<status status="PASS" start="2024-09-28T14:15:45.185748" elapsed="0.017672"/>
</kw>
<kw name="Append To List" owner="Collections">
<arg>${list}</arg>
<arg>${element.text}</arg>
<doc>Adds ``values`` to the end of ``list``.</doc>
<status status="PASS" start="2024-09-28T14:15:45.203687" elapsed="0.011602"/>
</kw>
<var name="${element}">&lt;selenium.webdriver.remote.webelement.WebElement (session="79f06c919f22041105092eb2ecac8961", element="f.FDAD4BD68596A55FBCCE6190885F304D.d.D455D4D41D2B2819EE516C7E71F69DB9.e.177")&gt;</var>
<status status="PASS" start="2024-09-28T14:15:45.172462" elapsed="0.042942"/>
</iter>
<iter>
<kw name="Log To Console" owner="BuiltIn">
<arg>${element.text}</arg>
<doc>Logs the given message to the console.</doc>
<status status="PASS" start="2024-09-28T14:15:45.216248" elapsed="0.009637"/>
</kw>
<kw name="Log" owner="BuiltIn">
<msg time="2024-09-28T14:15:45.236251" level="INFO">20 LEGO Speed Champions, klocki, Nissan Skyline GT-R, R34 z filmu „Za szybcy, za wściekli”, 76917</msg>
<arg>${element.text}</arg>
<doc>Logs the given message with the given level.</doc>
<status status="PASS" start="2024-09-28T14:15:45.226120" elapsed="0.010215"/>
</kw>
<kw name="Append To List" owner="Collections">
<arg>${list}</arg>
<arg>${element.text}</arg>
<doc>Adds ``values`` to the end of ``list``.</doc>
<status status="PASS" start="2024-09-28T14:15:45.236566" elapsed="0.014258"/>
</kw>
<var name="${element}">&lt;selenium.webdriver.remote.webelement.WebElement (session="79f06c919f22041105092eb2ecac8961", element="f.FDAD4BD68596A55FBCCE6190885F304D.d.D455D4D41D2B2819EE516C7E71F69DB9.e.178")&gt;</var>
<status status="PASS" start="2024-09-28T14:15:45.216076" elapsed="0.034859"/>
</iter>
<iter>
<kw name="Log To Console" owner="BuiltIn">
<arg>${element.text}</arg>
<doc>Logs the given message to the console.</doc>
<status status="PASS" start="2024-09-28T14:15:45.251213" elapsed="0.011278"/>
</kw>
<kw name="Log" owner="BuiltIn">
<msg time="2024-09-28T14:15:45.274418" level="INFO">21 Złota klatka. The Prison Healer. Tom 2</msg>
<arg>${element.text}</arg>
<doc>Logs the given message with the given level.</doc>
<status status="PASS" start="2024-09-28T14:15:45.262774" elapsed="0.011813"/>
</kw>
<kw name="Append To List" owner="Collections">
<arg>${list}</arg>
<arg>${element.text}</arg>
<doc>Adds ``values`` to the end of ``list``.</doc>
<status status="PASS" start="2024-09-28T14:15:45.274794" elapsed="0.013957"/>
</kw>
<var name="${element}">&lt;selenium.webdriver.remote.webelement.WebElement (session="79f06c919f22041105092eb2ecac8961", element="f.FDAD4BD68596A55FBCCE6190885F304D.d.D455D4D41D2B2819EE516C7E71F69DB9.e.179")&gt;</var>
<status status="PASS" start="2024-09-28T14:15:45.251097" elapsed="0.037801"/>
</iter>
<iter>
<kw name="Log To Console" owner="BuiltIn">
<arg>${element.text}</arg>
<doc>Logs the given message to the console.</doc>
<status status="PASS" start="2024-09-28T14:15:45.289295" elapsed="0.010584"/>
</kw>
<kw name="Log" owner="BuiltIn">
<msg time="2024-09-28T14:15:45.311712" level="INFO">22 Żyć dłużej. Nauka o długim życiu w zdrowiu</msg>
<arg>${element.text}</arg>
<doc>Logs the given message with the given level.</doc>
<status status="PASS" start="2024-09-28T14:15:45.300150" elapsed="0.011740"/>
</kw>
<kw name="Append To List" owner="Collections">
<arg>${list}</arg>
<arg>${element.text}</arg>
<doc>Adds ``values`` to the end of ``list``.</doc>
<status status="PASS" start="2024-09-28T14:15:45.312183" elapsed="0.017925"/>
</kw>
<var name="${element}">&lt;selenium.webdriver.remote.webelement.WebElement (session="79f06c919f22041105092eb2ecac8961", element="f.FDAD4BD68596A55FBCCE6190885F304D.d.D455D4D41D2B2819EE516C7E71F69DB9.e.180")&gt;</var>
<status status="PASS" start="2024-09-28T14:15:45.289160" elapsed="0.041060"/>
</iter>
<iter>
<kw name="Log To Console" owner="BuiltIn">
<arg>${element.text}</arg>
<doc>Logs the given message to the console.</doc>
<status status="PASS" start="2024-09-28T14:15:45.330530" elapsed="0.013077"/>
</kw>
<kw name="Log" owner="BuiltIn">
<msg time="2024-09-28T14:15:45.355775" level="INFO">23 Próby żywiołów. The Prison Healer. Tom 1</msg>
<arg>${element.text}</arg>
<doc>Logs the given message with the given level.</doc>
<status status="PASS" start="2024-09-28T14:15:45.343845" elapsed="0.012017"/>
</kw>
<kw name="Append To List" owner="Collections">
<arg>${list}</arg>
<arg>${element.text}</arg>
<doc>Adds ``values`` to the end of ``list``.</doc>
<status status="PASS" start="2024-09-28T14:15:45.356122" elapsed="0.016665"/>
</kw>
<var name="${element}">&lt;selenium.webdriver.remote.webelement.WebElement (session="79f06c919f22041105092eb2ecac8961", element="f.FDAD4BD68596A55FBCCE6190885F304D.d.D455D4D41D2B2819EE516C7E71F69DB9.e.181")&gt;</var>
<status status="PASS" start="2024-09-28T14:15:45.330382" elapsed="0.042520"/>
</iter>
<iter>
<kw name="Log To Console" owner="BuiltIn">
<arg>${element.text}</arg>
<doc>Logs the given message to the console.</doc>
<status status="PASS" start="2024-09-28T14:15:45.373193" elapsed="0.011674"/>
</kw>
<kw name="Log" owner="BuiltIn">
<msg time="2024-09-28T14:15:45.398541" level="INFO">24 LEGO Icons, Botanical, klocki Drzewko Bonsai, 10281</msg>
<arg>${element.text}</arg>
<doc>Logs the given message with the given level.</doc>
<status status="PASS" start="2024-09-28T14:15:45.385099" elapsed="0.013523"/>
</kw>
<kw name="Append To List" owner="Collections">
<arg>${list}</arg>
<arg>${element.text}</arg>
<doc>Adds ``values`` to the end of ``list``.</doc>
<status status="PASS" start="2024-09-28T14:15:45.398885" elapsed="0.015863"/>
</kw>
<var name="${element}">&lt;selenium.webdriver.remote.webelement.WebElement (session="79f06c919f22041105092eb2ecac8961", element="f.FDAD4BD68596A55FBCCE6190885F304D.d.D455D4D41D2B2819EE516C7E71F69DB9.e.182")&gt;</var>
<status status="PASS" start="2024-09-28T14:15:45.373070" elapsed="0.041787"/>
</iter>
<iter>
<kw name="Log To Console" owner="BuiltIn">
<arg>${element.text}</arg>
<doc>Logs the given message to the console.</doc>
<status status="PASS" start="2024-09-28T14:15:45.415268" elapsed="0.012880"/>
</kw>
<kw name="Log" owner="BuiltIn">
<msg time="2024-09-28T14:15:45.439043" level="INFO">25 Szczęście za horyzontem</msg>
<arg>${element.text}</arg>
<doc>Logs the given message with the given level.</doc>
<status status="PASS" start="2024-09-28T14:15:45.428380" elapsed="0.010745"/>
</kw>
<kw name="Append To List" owner="Collections">
<arg>${list}</arg>
<arg>${element.text}</arg>
<doc>Adds ``values`` to the end of ``list``.</doc>
<status status="PASS" start="2024-09-28T14:15:45.439316" elapsed="0.014337"/>
</kw>
<var name="${element}">&lt;selenium.webdriver.remote.webelement.WebElement (session="79f06c919f22041105092eb2ecac8961", element="f.FDAD4BD68596A55FBCCE6190885F304D.d.D455D4D41D2B2819EE516C7E71F69DB9.e.183")&gt;</var>
<status status="PASS" start="2024-09-28T14:15:45.415115" elapsed="0.038651"/>
</iter>
<iter>
<kw name="Log To Console" owner="BuiltIn">
<arg>${element.text}</arg>
<doc>Logs the given message to the console.</doc>
<status status="PASS" start="2024-09-28T14:15:45.454060" elapsed="0.011428"/>
</kw>
<kw name="Log" owner="BuiltIn">
<msg time="2024-09-28T14:15:45.477235" level="INFO">26 Niezłomna. Bezsilna. Tom 1,5</msg>
<arg>${element.text}</arg>
<doc>Logs the given message with the given level.</doc>
<status status="PASS" start="2024-09-28T14:15:45.465723" elapsed="0.011594"/>
</kw>
<kw name="Append To List" owner="Collections">
<arg>${list}</arg>
<arg>${element.text}</arg>
<doc>Adds ``values`` to the end of ``list``.</doc>
<status status="PASS" start="2024-09-28T14:15:45.477533" elapsed="0.016453"/>
</kw>
<var name="${element}">&lt;selenium.webdriver.remote.webelement.WebElement (session="79f06c919f22041105092eb2ecac8961", element="f.FDAD4BD68596A55FBCCE6190885F304D.d.D455D4D41D2B2819EE516C7E71F69DB9.e.184")&gt;</var>
<status status="PASS" start="2024-09-28T14:15:45.453935" elapsed="0.040167"/>
</iter>
<iter>
<kw name="Log To Console" owner="BuiltIn">
<arg>${element.text}</arg>
<doc>Logs the given message to the console.</doc>
<status status="PASS" start="2024-09-28T14:15:45.494447" elapsed="0.012202"/>
</kw>
<kw name="Log" owner="BuiltIn">
<msg time="2024-09-28T14:15:45.518332" level="INFO">27 Lowizm, czyli na szlaku po ulgę</msg>
<arg>${element.text}</arg>
<doc>Logs the given message with the given level.</doc>
<status status="PASS" start="2024-09-28T14:15:45.506893" elapsed="0.011521"/>
</kw>
<kw name="Append To List" owner="Collections">
<arg>${list}</arg>
<arg>${element.text}</arg>
<doc>Adds ``values`` to the end of ``list``.</doc>
<status status="PASS" start="2024-09-28T14:15:45.518674" elapsed="0.014209"/>
</kw>
<var name="${element}">&lt;selenium.webdriver.remote.webelement.WebElement (session="79f06c919f22041105092eb2ecac8961", element="f.FDAD4BD68596A55FBCCE6190885F304D.d.D455D4D41D2B2819EE516C7E71F69DB9.e.185")&gt;</var>
<status status="PASS" start="2024-09-28T14:15:45.494292" elapsed="0.038705"/>
</iter>
<iter>
<kw name="Log To Console" owner="BuiltIn">
<arg>${element.text}</arg>
<doc>Logs the given message to the console.</doc>
<status status="PASS" start="2024-09-28T14:15:45.533399" elapsed="0.012358"/>
</kw>
<kw name="Log" owner="BuiltIn">
<msg time="2024-09-28T14:15:45.557223" level="INFO">28 Za blisko</msg>
<arg>${element.text}</arg>
<doc>Logs the given message with the given level.</doc>
<status status="PASS" start="2024-09-28T14:15:45.545987" elapsed="0.011361"/>
</kw>
<kw name="Append To List" owner="Collections">
<arg>${list}</arg>
<arg>${element.text}</arg>
<doc>Adds ``values`` to the end of ``list``.</doc>
<status status="PASS" start="2024-09-28T14:15:45.557644" elapsed="0.015302"/>
</kw>
<var name="${element}">&lt;selenium.webdriver.remote.webelement.WebElement (session="79f06c919f22041105092eb2ecac8961", element="f.FDAD4BD68596A55FBCCE6190885F304D.d.D455D4D41D2B2819EE516C7E71F69DB9.e.186")&gt;</var>
<status status="PASS" start="2024-09-28T14:15:45.533239" elapsed="0.039818"/>
</iter>
<iter>
<kw name="Log To Console" owner="BuiltIn">
<arg>${element.text}</arg>
<doc>Logs the given message to the console.</doc>
<status status="PASS" start="2024-09-28T14:15:45.573340" elapsed="0.012323"/>
</kw>
<kw name="Log" owner="BuiltIn">
<msg time="2024-09-28T14:15:45.602689" level="INFO">29 Uwięzieni we własnej głowie. Jak zrozumieć przeszłość i mieć szczęśliwsze życie</msg>
<arg>${element.text}</arg>
<doc>Logs the given message with the given level.</doc>
<status status="PASS" start="2024-09-28T14:15:45.585909" elapsed="0.016879"/>
</kw>
<kw name="Append To List" owner="Collections">
<arg>${list}</arg>
<arg>${element.text}</arg>
<doc>Adds ``values`` to the end of ``list``.</doc>
<status status="PASS" start="2024-09-28T14:15:45.602989" elapsed="0.011093"/>
</kw>
<var name="${element}">&lt;selenium.webdriver.remote.webelement.WebElement (session="79f06c919f22041105092eb2ecac8961", element="f.FDAD4BD68596A55FBCCE6190885F304D.d.D455D4D41D2B2819EE516C7E71F69DB9.e.187")&gt;</var>
<status status="PASS" start="2024-09-28T14:15:45.573221" elapsed="0.040969"/>
</iter>
<iter>
<kw name="Log To Console" owner="BuiltIn">
<arg>${element.text}</arg>
<doc>Logs the given message to the console.</doc>
<status status="PASS" start="2024-09-28T14:15:45.614470" elapsed="0.011929"/>
</kw>
<kw name="Log" owner="BuiltIn">
<msg time="2024-09-28T14:15:45.641065" level="INFO">30 #2 Brutalny mord w Górach Stołowych – Michał Fajbusiewicz – podcast</msg>
<arg>${element.text}</arg>
<doc>Logs the given message with the given level.</doc>
<status status="PASS" start="2024-09-28T14:15:45.626854" elapsed="0.014317"/>
</kw>
<kw name="Append To List" owner="Collections">
<arg>${list}</arg>
<arg>${element.text}</arg>
<doc>Adds ``values`` to the end of ``list``.</doc>
<status status="PASS" start="2024-09-28T14:15:45.641390" elapsed="0.009945"/>
</kw>
<var name="${element}">&lt;selenium.webdriver.remote.webelement.WebElement (session="79f06c919f22041105092eb2ecac8961", element="f.FDAD4BD68596A55FBCCE6190885F304D.d.D455D4D41D2B2819EE516C7E71F69DB9.e.188")&gt;</var>
<status status="PASS" start="2024-09-28T14:15:45.614350" elapsed="0.037094"/>
</iter>
<var>${element}</var>
<value>@{best}</value>
<status status="PASS" start="2024-09-28T14:15:40.323376" elapsed="5.328122"/>
</for>
<kw name="List Should Contain Value" owner="Collections">
<arg>${list}</arg>
<arg>5 Red Shirt</arg>
<doc>Fails if the ``value`` is not found from ``list``.</doc>
<status status="PASS" start="2024-09-28T14:15:45.652247" elapsed="0.000545"/>
</kw>
<status status="PASS" start="2024-09-28T14:15:23.491585" elapsed="22.161651"/>
</test>
<status status="PASS" start="2024-09-28T14:15:23.229932" elapsed="22.424517"/>
</suite>
<statistics>
<total>
<stat pass="1" fail="0" skip="0">All Tests</stat>
</total>
<tag>
</tag>
<suite>
<stat pass="1" fail="0" skip="0" id="s1" name="Test05">Test05</stat>
</suite>
</statistics>
<errors>
</errors>
</robot>
